{"level":"info","message":"REQ GET /","requestId":"2fb9469c-f3cb-4a68-a482-b6ae0bd7b059","timestamp":"2025-10-06T06:52:33.071Z"}
{"durationMs":13.1423,"level":"info","message":"RES GET /","requestId":"2fb9469c-f3cb-4a68-a482-b6ae0bd7b059","statusCode":304,"timestamp":"2025-10-06T06:52:33.083Z"}
{"level":"info","message":"REQ GET /theme.css","requestId":"58b76ad7-0579-42e2-92b3-1f68a4ef2dca","timestamp":"2025-10-06T06:52:33.210Z"}
{"level":"info","message":"REQ GET /styles.css","requestId":"f66885be-52ff-41e1-bf26-5457a6b1d23c","timestamp":"2025-10-06T06:52:33.213Z"}
{"level":"info","message":"REQ GET /app.js","requestId":"6219806d-fe3c-4c04-8ae5-d76ced319209","timestamp":"2025-10-06T06:52:33.216Z"}
{"durationMs":7.8981,"level":"info","message":"RES GET /theme.css","requestId":"58b76ad7-0579-42e2-92b3-1f68a4ef2dca","statusCode":304,"timestamp":"2025-10-06T06:52:33.218Z"}
{"durationMs":6.8449,"level":"info","message":"RES GET /styles.css","requestId":"f66885be-52ff-41e1-bf26-5457a6b1d23c","statusCode":304,"timestamp":"2025-10-06T06:52:33.220Z"}
{"durationMs":11.9844,"level":"info","message":"RES GET /app.js","requestId":"6219806d-fe3c-4c04-8ae5-d76ced319209","statusCode":200,"timestamp":"2025-10-06T06:52:33.228Z"}
{"level":"info","message":"REQ GET /api/hotels","requestId":"6229eae5-c2b2-4407-bce2-cd214d25c86d","timestamp":"2025-10-06T06:52:33.279Z"}
{"durationMs":8.588,"level":"info","message":"RES GET /api/hotels","requestId":"6229eae5-c2b2-4407-bce2-cd214d25c86d","statusCode":304,"timestamp":"2025-10-06T06:52:33.287Z"}
{"level":"info","message":"REQ GET /favicon.ico","requestId":"26e979a3-82bd-4b38-ab9e-806196ebe8c2","timestamp":"2025-10-06T06:52:33.484Z"}
{"durationMs":3.5499,"level":"info","message":"RES GET /favicon.ico","requestId":"26e979a3-82bd-4b38-ab9e-806196ebe8c2","statusCode":404,"timestamp":"2025-10-06T06:52:33.488Z"}
{"level":"info","message":"REQ GET /home.html","requestId":"de939c43-28cd-42f2-a07d-54733f2adc39","timestamp":"2025-10-06T06:52:37.847Z"}
{"durationMs":1.0197,"level":"info","message":"RES GET /home.html","requestId":"de939c43-28cd-42f2-a07d-54733f2adc39","statusCode":304,"timestamp":"2025-10-06T06:52:37.848Z"}
{"level":"info","message":"REQ GET /theme.css","requestId":"fc5c9059-35f7-4771-8df1-0e506fde3bd8","timestamp":"2025-10-06T06:52:37.884Z"}
{"durationMs":1.2074,"level":"info","message":"RES GET /theme.css","requestId":"fc5c9059-35f7-4771-8df1-0e506fde3bd8","statusCode":304,"timestamp":"2025-10-06T06:52:37.886Z"}
{"level":"info","message":"REQ GET /styles.css","requestId":"d46bc94a-f986-4975-be07-de3d6e63fe56","timestamp":"2025-10-06T06:52:37.891Z"}
{"level":"info","message":"REQ GET /home.css","requestId":"6a9ca55e-90be-49bc-b52a-b387541481fa","timestamp":"2025-10-06T06:52:37.893Z"}
{"durationMs":4.0855,"level":"info","message":"RES GET /styles.css","requestId":"d46bc94a-f986-4975-be07-de3d6e63fe56","statusCode":304,"timestamp":"2025-10-06T06:52:37.895Z"}
{"durationMs":3.5274,"level":"info","message":"RES GET /home.css","requestId":"6a9ca55e-90be-49bc-b52a-b387541481fa","statusCode":304,"timestamp":"2025-10-06T06:52:37.896Z"}
{"level":"info","message":"REQ GET /home.js","requestId":"fa4f63de-8da2-4840-83e6-218c42d96a3a","timestamp":"2025-10-06T06:52:37.897Z"}
{"durationMs":2.7702,"level":"info","message":"RES GET /home.js","requestId":"fa4f63de-8da2-4840-83e6-218c42d96a3a","statusCode":304,"timestamp":"2025-10-06T06:52:37.900Z"}
{"level":"info","message":"REQ GET /assets/hero-bg.svg","requestId":"9926bab3-aad5-48a0-8ad9-cc95b7c59399","timestamp":"2025-10-06T06:52:37.926Z"}
{"level":"info","message":"REQ GET /assets/pattern-dots.svg","requestId":"81bd9c6a-dc1c-4320-9c7e-ca5089d82dce","timestamp":"2025-10-06T06:52:37.928Z"}
{"durationMs":2.9874,"level":"info","message":"RES GET /assets/hero-bg.svg","requestId":"9926bab3-aad5-48a0-8ad9-cc95b7c59399","statusCode":304,"timestamp":"2025-10-06T06:52:37.929Z"}
{"durationMs":2.4455,"level":"info","message":"RES GET /assets/pattern-dots.svg","requestId":"81bd9c6a-dc1c-4320-9c7e-ca5089d82dce","statusCode":304,"timestamp":"2025-10-06T06:52:37.930Z"}
{"level":"info","message":"REQ GET /","requestId":"1190806a-4888-43c3-b284-952770cef59e","timestamp":"2025-10-07T05:43:55.814Z"}
{"durationMs":12.9553,"level":"info","message":"RES GET /","requestId":"1190806a-4888-43c3-b284-952770cef59e","statusCode":304,"timestamp":"2025-10-07T05:43:55.827Z"}
{"level":"info","message":"REQ GET /theme.css","requestId":"8e7a22b3-b8d1-4c5a-801d-651599e3743f","timestamp":"2025-10-07T05:43:55.875Z"}
{"durationMs":2.9833,"level":"info","message":"RES GET /theme.css","requestId":"8e7a22b3-b8d1-4c5a-801d-651599e3743f","statusCode":304,"timestamp":"2025-10-07T05:43:55.878Z"}
{"level":"info","message":"REQ GET /styles.css","requestId":"5636734a-3ad1-4e64-811e-77054f968fe1","timestamp":"2025-10-07T05:43:55.895Z"}
{"level":"info","message":"REQ GET /app.js","requestId":"90af5d0f-d21e-4fb6-ade6-1c8bc2f149f0","timestamp":"2025-10-07T05:43:55.898Z"}
{"durationMs":4.4805,"level":"info","message":"RES GET /styles.css","requestId":"5636734a-3ad1-4e64-811e-77054f968fe1","statusCode":304,"timestamp":"2025-10-07T05:43:55.900Z"}
{"durationMs":4.6448,"level":"info","message":"RES GET /app.js","requestId":"90af5d0f-d21e-4fb6-ade6-1c8bc2f149f0","statusCode":304,"timestamp":"2025-10-07T05:43:55.902Z"}
{"level":"info","message":"REQ GET /api/hotels","requestId":"8ce0bc49-ed1c-4546-a0cf-e156ed8a47fe","timestamp":"2025-10-07T05:43:55.960Z"}
{"durationMs":17.7573,"level":"info","message":"RES GET /api/hotels","requestId":"8ce0bc49-ed1c-4546-a0cf-e156ed8a47fe","statusCode":200,"timestamp":"2025-10-07T05:43:55.978Z"}
{"level":"info","message":"REQ GET /favicon.ico","requestId":"e9323a22-5f62-41e0-98b0-07ecec017d5c","timestamp":"2025-10-07T05:43:56.165Z"}
{"durationMs":2.5527,"level":"info","message":"RES GET /favicon.ico","requestId":"e9323a22-5f62-41e0-98b0-07ecec017d5c","statusCode":404,"timestamp":"2025-10-07T05:43:56.167Z"}
{"level":"info","message":"REQ GET /home.html","requestId":"7ff03c68-d1f4-450b-9b5d-80439ef66e55","timestamp":"2025-10-07T05:43:58.864Z"}
{"durationMs":0.8007,"level":"info","message":"RES GET /home.html","requestId":"7ff03c68-d1f4-450b-9b5d-80439ef66e55","statusCode":304,"timestamp":"2025-10-07T05:43:58.865Z"}
{"level":"info","message":"REQ GET /theme.css","requestId":"fb554db5-b259-4f39-a4cf-dc1c7c03fa85","timestamp":"2025-10-07T05:43:58.904Z"}
{"durationMs":1.3157,"level":"info","message":"RES GET /theme.css","requestId":"fb554db5-b259-4f39-a4cf-dc1c7c03fa85","statusCode":304,"timestamp":"2025-10-07T05:43:58.905Z"}
{"level":"info","message":"REQ GET /home.js","requestId":"b689fcae-c8cc-40c1-9587-d1b1ab6776cb","timestamp":"2025-10-07T05:43:58.916Z"}
{"level":"info","message":"REQ GET /styles.css","requestId":"787d868d-ddb2-4fdb-a6a3-239cba9250ab","timestamp":"2025-10-07T05:43:58.918Z"}
{"level":"info","message":"REQ GET /home.css","requestId":"0555f9cc-fc87-4c1c-8f5b-c0f7864ae7c7","timestamp":"2025-10-07T05:43:58.919Z"}
{"durationMs":3.652,"level":"info","message":"RES GET /home.js","requestId":"b689fcae-c8cc-40c1-9587-d1b1ab6776cb","statusCode":304,"timestamp":"2025-10-07T05:43:58.919Z"}
{"durationMs":3.036,"level":"info","message":"RES GET /styles.css","requestId":"787d868d-ddb2-4fdb-a6a3-239cba9250ab","statusCode":304,"timestamp":"2025-10-07T05:43:58.921Z"}
{"durationMs":3.3509,"level":"info","message":"RES GET /home.css","requestId":"0555f9cc-fc87-4c1c-8f5b-c0f7864ae7c7","statusCode":304,"timestamp":"2025-10-07T05:43:58.922Z"}
{"level":"info","message":"REQ GET /assets/hero-bg.svg","requestId":"025990bf-32a5-44a7-bb6d-7a33765dc413","timestamp":"2025-10-07T05:43:58.932Z"}
{"durationMs":0.8797,"level":"info","message":"RES GET /assets/hero-bg.svg","requestId":"025990bf-32a5-44a7-bb6d-7a33765dc413","statusCode":304,"timestamp":"2025-10-07T05:43:58.933Z"}
{"level":"info","message":"REQ GET /assets/pattern-dots.svg","requestId":"24049b9b-2d72-4e7f-9362-90aa1f205236","timestamp":"2025-10-07T05:43:58.934Z"}
{"durationMs":0.758,"level":"info","message":"RES GET /assets/pattern-dots.svg","requestId":"24049b9b-2d72-4e7f-9362-90aa1f205236","statusCode":304,"timestamp":"2025-10-07T05:43:58.935Z"}
{"level":"info","message":"REQ GET /home.html","requestId":"8be55002-c188-4b76-8b8f-7c18d2a93c5c","timestamp":"2025-10-07T06:00:15.639Z"}
{"durationMs":31.821,"level":"info","message":"RES GET /home.html","requestId":"8be55002-c188-4b76-8b8f-7c18d2a93c5c","statusCode":304,"timestamp":"2025-10-07T06:00:15.665Z"}
{"level":"info","message":"REQ GET /theme.css","requestId":"b34ff861-a3f3-4553-9740-fc4ec805e887","timestamp":"2025-10-07T06:00:15.766Z"}
{"durationMs":3.8749,"level":"info","message":"RES GET /theme.css","requestId":"b34ff861-a3f3-4553-9740-fc4ec805e887","statusCode":304,"timestamp":"2025-10-07T06:00:15.770Z"}
{"level":"info","message":"REQ GET /styles.css","requestId":"a73796a5-9513-447d-9872-70b88194eb62","timestamp":"2025-10-07T06:00:15.789Z"}
{"level":"info","message":"REQ GET /home.js","requestId":"c1adaed3-2cc7-4d56-9135-67ecc4579c88","timestamp":"2025-10-07T06:00:15.793Z"}
{"durationMs":5.4967,"level":"info","message":"RES GET /styles.css","requestId":"a73796a5-9513-447d-9872-70b88194eb62","statusCode":304,"timestamp":"2025-10-07T06:00:15.795Z"}
{"level":"info","message":"REQ GET /home.css","requestId":"3e97ea27-a38c-418f-9f35-854b16197674","timestamp":"2025-10-07T06:00:15.800Z"}
{"durationMs":11.2813,"level":"info","message":"RES GET /home.js","requestId":"c1adaed3-2cc7-4d56-9135-67ecc4579c88","statusCode":304,"timestamp":"2025-10-07T06:00:15.804Z"}
{"durationMs":6.8145,"level":"info","message":"RES GET /home.css","requestId":"3e97ea27-a38c-418f-9f35-854b16197674","statusCode":304,"timestamp":"2025-10-07T06:00:15.807Z"}
{"level":"info","message":"REQ GET /assets/hero-bg.svg","requestId":"44ea6f45-c1cc-4ad9-9a37-08af4eead8cb","timestamp":"2025-10-07T06:00:15.825Z"}
{"durationMs":1.2041,"level":"info","message":"RES GET /assets/hero-bg.svg","requestId":"44ea6f45-c1cc-4ad9-9a37-08af4eead8cb","statusCode":304,"timestamp":"2025-10-07T06:00:15.826Z"}
{"level":"info","message":"REQ GET /assets/pattern-dots.svg","requestId":"1bc50461-05f6-484d-a7d6-ebf44e080026","timestamp":"2025-10-07T06:00:15.827Z"}
{"durationMs":0.9601,"level":"info","message":"RES GET /assets/pattern-dots.svg","requestId":"1bc50461-05f6-484d-a7d6-ebf44e080026","statusCode":304,"timestamp":"2025-10-07T06:00:15.828Z"}
{"level":"info","message":"REQ GET /index.html","requestId":"bd96ae9f-8eca-474f-aa1a-2c116d182866","timestamp":"2025-10-07T06:00:21.954Z"}
{"durationMs":23.5232,"level":"info","message":"RES GET /index.html","requestId":"bd96ae9f-8eca-474f-aa1a-2c116d182866","statusCode":200,"timestamp":"2025-10-07T06:00:21.978Z"}
{"level":"info","message":"REQ GET /theme.css","requestId":"034cbab3-befb-4602-b488-23bae56d0188","timestamp":"2025-10-07T06:00:22.004Z"}
{"durationMs":1.029,"level":"info","message":"RES GET /theme.css","requestId":"034cbab3-befb-4602-b488-23bae56d0188","statusCode":304,"timestamp":"2025-10-07T06:00:22.005Z"}
{"level":"info","message":"REQ GET /styles.css","requestId":"21a72fe4-6f9d-4d4f-94d5-8cc972879cc2","timestamp":"2025-10-07T06:00:22.013Z"}
{"level":"info","message":"REQ GET /app.js","requestId":"0835ef81-0d85-42ae-aef8-df90dfd51b51","timestamp":"2025-10-07T06:00:22.015Z"}
{"durationMs":2.788,"level":"info","message":"RES GET /styles.css","requestId":"21a72fe4-6f9d-4d4f-94d5-8cc972879cc2","statusCode":304,"timestamp":"2025-10-07T06:00:22.015Z"}
{"durationMs":2.9701,"level":"info","message":"RES GET /app.js","requestId":"0835ef81-0d85-42ae-aef8-df90dfd51b51","statusCode":304,"timestamp":"2025-10-07T06:00:22.018Z"}
{"level":"info","message":"REQ GET /api/hotels","requestId":"86b972e5-c4c5-49fb-829b-44a1d7074854","timestamp":"2025-10-07T06:00:22.036Z"}
{"durationMs":17.8552,"level":"info","message":"RES GET /api/hotels","requestId":"86b972e5-c4c5-49fb-829b-44a1d7074854","statusCode":304,"timestamp":"2025-10-07T06:00:22.054Z"}
{"level":"info","message":"REQ POST /api/auth/register","requestId":"d54a1389-2103-4966-8e1f-58856533b382","timestamp":"2025-10-07T06:06:55.250Z"}
{"durationMs":180.2043,"level":"info","message":"RES POST /api/auth/register","requestId":"d54a1389-2103-4966-8e1f-58856533b382","statusCode":201,"timestamp":"2025-10-07T06:06:55.428Z"}
{"level":"info","message":"REQ POST /api/auth/login","requestId":"0c999975-30a3-4232-b945-3a06bad05ada","timestamp":"2025-10-07T06:06:58.459Z"}
{"durationMs":83.5506,"level":"info","message":"RES POST /api/auth/login","requestId":"0c999975-30a3-4232-b945-3a06bad05ada","statusCode":200,"timestamp":"2025-10-07T06:06:58.543Z"}
{"level":"info","message":"REQ POST /api/auth/login","requestId":"7436fb9c-25d8-43bc-b05e-1ce9d1267c04","timestamp":"2025-10-07T06:07:01.916Z"}
{"level":"info","message":"REQ GET /","requestId":"c5911c29-52e5-45c5-a8ef-95948e1d9591","timestamp":"2025-10-07T06:07:46.382Z"}
{"durationMs":8.9661,"level":"info","message":"RES GET /","requestId":"c5911c29-52e5-45c5-a8ef-95948e1d9591","statusCode":304,"timestamp":"2025-10-07T06:07:46.390Z"}
{"level":"info","message":"REQ GET /theme.css","requestId":"4ec05913-dfbf-44e4-bd54-0afa79436e0a","timestamp":"2025-10-07T06:07:46.423Z"}
{"durationMs":2.327,"level":"info","message":"RES GET /theme.css","requestId":"4ec05913-dfbf-44e4-bd54-0afa79436e0a","statusCode":304,"timestamp":"2025-10-07T06:07:46.425Z"}
{"level":"info","message":"REQ GET /styles.css","requestId":"3512dd09-d335-4bb7-86f2-2ea7a9081ee5","timestamp":"2025-10-07T06:07:46.428Z"}
{"level":"info","message":"REQ GET /app.js","requestId":"07108dd5-371b-4358-9f85-11ec8e2fc49c","timestamp":"2025-10-07T06:07:46.429Z"}
{"durationMs":2.6566,"level":"info","message":"RES GET /styles.css","requestId":"3512dd09-d335-4bb7-86f2-2ea7a9081ee5","statusCode":304,"timestamp":"2025-10-07T06:07:46.430Z"}
{"durationMs":3.1267,"level":"info","message":"RES GET /app.js","requestId":"07108dd5-371b-4358-9f85-11ec8e2fc49c","statusCode":304,"timestamp":"2025-10-07T06:07:46.432Z"}
{"level":"info","message":"REQ GET /api/hotels","requestId":"b662644e-8427-4d30-a032-dd79899a0027","timestamp":"2025-10-07T06:07:46.595Z"}
{"durationMs":12.9121,"level":"info","message":"RES GET /api/hotels","requestId":"b662644e-8427-4d30-a032-dd79899a0027","statusCode":304,"timestamp":"2025-10-07T06:07:46.608Z"}
{"level":"info","message":"REQ GET /home.html","requestId":"1b8b7b6a-eca2-4079-b86f-8fbed5aea59d","timestamp":"2025-10-07T06:07:48.850Z"}
{"durationMs":0.9696,"level":"info","message":"RES GET /home.html","requestId":"1b8b7b6a-eca2-4079-b86f-8fbed5aea59d","statusCode":304,"timestamp":"2025-10-07T06:07:48.851Z"}
{"level":"info","message":"REQ GET /theme.css","requestId":"52a0163c-83b6-4d77-9e09-2742b54f5cd6","timestamp":"2025-10-07T06:07:48.881Z"}
{"durationMs":0.9939,"level":"info","message":"RES GET /theme.css","requestId":"52a0163c-83b6-4d77-9e09-2742b54f5cd6","statusCode":304,"timestamp":"2025-10-07T06:07:48.882Z"}
{"level":"info","message":"REQ GET /styles.css","requestId":"c5c11f36-2d43-4531-95c6-64118429e6fa","timestamp":"2025-10-07T06:07:48.890Z"}
{"level":"info","message":"REQ GET /home.css","requestId":"fa455391-f06e-4499-a8d7-7903dc547116","timestamp":"2025-10-07T06:07:48.891Z"}
{"level":"info","message":"REQ GET /home.js","requestId":"c37f6a4e-7640-4764-bcca-c62456228e66","timestamp":"2025-10-07T06:07:48.893Z"}
{"durationMs":4.67,"level":"info","message":"RES GET /styles.css","requestId":"c5c11f36-2d43-4531-95c6-64118429e6fa","statusCode":304,"timestamp":"2025-10-07T06:07:48.894Z"}
{"durationMs":3.9605,"level":"info","message":"RES GET /home.css","requestId":"fa455391-f06e-4499-a8d7-7903dc547116","statusCode":304,"timestamp":"2025-10-07T06:07:48.895Z"}
{"durationMs":3.6267,"level":"info","message":"RES GET /home.js","requestId":"c37f6a4e-7640-4764-bcca-c62456228e66","statusCode":304,"timestamp":"2025-10-07T06:07:48.896Z"}
{"level":"info","message":"REQ GET /assets/hero-bg.svg","requestId":"14ffa728-e099-49cf-bbc3-c069e3246972","timestamp":"2025-10-07T06:07:48.909Z"}
{"level":"info","message":"REQ GET /assets/pattern-dots.svg","requestId":"baa1dea5-f6e6-4f3e-9904-c5fcb8646c5a","timestamp":"2025-10-07T06:07:48.910Z"}
{"durationMs":2.1804,"level":"info","message":"RES GET /assets/hero-bg.svg","requestId":"14ffa728-e099-49cf-bbc3-c069e3246972","statusCode":304,"timestamp":"2025-10-07T06:07:48.911Z"}
{"durationMs":1.8491,"level":"info","message":"RES GET /assets/pattern-dots.svg","requestId":"baa1dea5-f6e6-4f3e-9904-c5fcb8646c5a","statusCode":304,"timestamp":"2025-10-07T06:07:48.912Z"}
{"level":"info","message":"REQ GET /metrics","requestId":"b30266fb-f292-4b92-8e27-153aafc99494","timestamp":"2025-10-07T06:18:03.417Z"}
{"durationMs":21.1447,"level":"info","message":"RES GET /metrics","requestId":"b30266fb-f292-4b92-8e27-153aafc99494","statusCode":404,"timestamp":"2025-10-07T06:18:03.438Z"}
